{"C:\\Users\\Brendon\\Documents\\Code\\NodeApps\\revisto\\server\\app.js": {"path":"C:\\Users\\Brendon\\Documents\\Code\\NodeApps\\revisto\\server\\app.js","statementMap":{"0":{"start":{"line":10,"column":0},"end":{"line":10,"column":16}},"1":{"start":{"line":12,"column":12},"end":{"line":12,"column":21}},"2":{"start":{"line":15,"column":0},"end":{"line":15,"column":69}},"3":{"start":{"line":16,"column":0},"end":{"line":16,"column":52}},"4":{"start":{"line":17,"column":0},"end":{"line":17,"column":56}},"5":{"start":{"line":19,"column":0},"end":{"line":19,"column":31}},"6":{"start":{"line":21,"column":0},"end":{"line":21,"column":24}},"7":{"start":{"line":22,"column":0},"end":{"line":22,"column":48}},"8":{"start":{"line":23,"column":0},"end":{"line":23,"column":16}},"9":{"start":{"line":25,"column":0},"end":{"line":25,"column":34}},"10":{"start":{"line":26,"column":0},"end":{"line":26,"column":34}}},"fnMap":{},"branchMap":{},"s":{"0":2,"1":2,"2":2,"3":2,"4":2,"5":2,"6":2,"7":2,"8":2,"9":2,"10":2},"f":{},"b":{},"_coverageSchema":"1a1c01bbd47fc00a2c39e90264f33305004495a9","hash":"91d31c764f9d0b12b95963e5fbeddf1630452d83"}
,"C:\\Users\\Brendon\\Documents\\Code\\NodeApps\\revisto\\server\\auth\\jwtAuth.js": {"path":"C:\\Users\\Brendon\\Documents\\Code\\NodeApps\\revisto\\server\\auth\\jwtAuth.js","statementMap":{"0":{"start":{"line":5,"column":0},"end":{"line":5,"column":16}},"1":{"start":{"line":6,"column":0},"end":{"line":9,"column":1}},"2":{"start":{"line":7,"column":2},"end":{"line":7,"column":99}},"3":{"start":{"line":8,"column":2},"end":{"line":8,"column":61}},"4":{"start":{"line":12,"column":25},"end":{"line":17,"column":1}},"5":{"start":{"line":13,"column":19},"end":{"line":13,"column":24}},"6":{"start":{"line":14,"column":16},"end":{"line":14,"column":83}},"7":{"start":{"line":16,"column":2},"end":{"line":16,"column":15}},"8":{"start":{"line":20,"column":31},"end":{"line":37,"column":1}},"9":{"start":{"line":21,"column":21},"end":{"line":21,"column":46}},"10":{"start":{"line":22,"column":2},"end":{"line":36,"column":3}},"11":{"start":{"line":23,"column":18},"end":{"line":23,"column":42}},"12":{"start":{"line":25,"column":4},"end":{"line":33,"column":7}},"13":{"start":{"line":26,"column":6},"end":{"line":29,"column":7}},"14":{"start":{"line":27,"column":8},"end":{"line":27,"column":48}},"15":{"start":{"line":28,"column":8},"end":{"line":28,"column":15}},"16":{"start":{"line":31,"column":6},"end":{"line":31,"column":28}},"17":{"start":{"line":32,"column":6},"end":{"line":32,"column":13}},"18":{"start":{"line":35,"column":4},"end":{"line":35,"column":43}}},"fnMap":{"0":{"name":"(anonymous_0)","decl":{"start":{"line":12,"column":25},"end":{"line":12,"column":26}},"loc":{"start":{"line":12,"column":37},"end":{"line":17,"column":1}},"line":12},"1":{"name":"(anonymous_1)","decl":{"start":{"line":20,"column":31},"end":{"line":20,"column":32}},"loc":{"start":{"line":20,"column":51},"end":{"line":37,"column":1}},"line":20},"2":{"name":"(anonymous_2)","decl":{"start":{"line":25,"column":48},"end":{"line":25,"column":49}},"loc":{"start":{"line":25,"column":68},"end":{"line":33,"column":5}},"line":25}},"branchMap":{"0":{"loc":{"start":{"line":6,"column":0},"end":{"line":9,"column":1}},"type":"if","locations":[{"start":{"line":6,"column":0},"end":{"line":9,"column":1}},{"start":{},"end":{}}],"line":6},"1":{"loc":{"start":{"line":22,"column":2},"end":{"line":36,"column":3}},"type":"if","locations":[{"start":{"line":22,"column":2},"end":{"line":36,"column":3}},{"start":{"line":34,"column":9},"end":{"line":36,"column":3}}],"line":22},"2":{"loc":{"start":{"line":26,"column":6},"end":{"line":29,"column":7}},"type":"if","locations":[{"start":{"line":26,"column":6},"end":{"line":29,"column":7}},{"start":{},"end":{}}],"line":26}},"s":{"0":2,"1":2,"2":0,"3":0,"4":2,"5":4,"6":4,"7":4,"8":2,"9":18,"10":18,"11":14,"12":14,"13":14,"14":1,"15":1,"16":13,"17":13,"18":4},"f":{"0":4,"1":18,"2":14},"b":{"0":[0,2],"1":[14,4],"2":[1,13]},"_coverageSchema":"1a1c01bbd47fc00a2c39e90264f33305004495a9","hash":"6aa574a218c12e1a61e2dc2e36c632ad53e1b087"}
,"C:\\Users\\Brendon\\Documents\\Code\\NodeApps\\revisto\\server\\controllers\\postsControllers.js": {"path":"C:\\Users\\Brendon\\Documents\\Code\\NodeApps\\revisto\\server\\controllers\\postsControllers.js","statementMap":{"0":{"start":{"line":4,"column":24},"end":{"line":11,"column":1}},"1":{"start":{"line":5,"column":2},"end":{"line":10,"column":5}},"2":{"start":{"line":6,"column":4},"end":{"line":8,"column":5}},"3":{"start":{"line":7,"column":6},"end":{"line":7,"column":40}},"4":{"start":{"line":9,"column":4},"end":{"line":9,"column":24}},"5":{"start":{"line":14,"column":13},"end":{"line":14,"column":30}},"6":{"start":{"line":15,"column":30},"end":{"line":22,"column":1}},"7":{"start":{"line":16,"column":2},"end":{"line":21,"column":5}},"8":{"start":{"line":17,"column":4},"end":{"line":19,"column":5}},"9":{"start":{"line":18,"column":6},"end":{"line":18,"column":40}},"10":{"start":{"line":20,"column":4},"end":{"line":20,"column":20}},"11":{"start":{"line":25,"column":23},"end":{"line":32,"column":1}},"12":{"start":{"line":26,"column":2},"end":{"line":31,"column":5}},"13":{"start":{"line":27,"column":4},"end":{"line":29,"column":5}},"14":{"start":{"line":28,"column":6},"end":{"line":28,"column":43}},"15":{"start":{"line":30,"column":4},"end":{"line":30,"column":23}},"16":{"start":{"line":35,"column":28},"end":{"line":46,"column":1}},"17":{"start":{"line":36,"column":2},"end":{"line":45,"column":4}},"18":{"start":{"line":40,"column":6},"end":{"line":42,"column":7}},"19":{"start":{"line":41,"column":8},"end":{"line":41,"column":42}},"20":{"start":{"line":43,"column":6},"end":{"line":43,"column":26}},"21":{"start":{"line":50,"column":26},"end":{"line":60,"column":1}},"22":{"start":{"line":51,"column":16},"end":{"line":51,"column":34}},"23":{"start":{"line":52,"column":2},"end":{"line":52,"column":34}},"24":{"start":{"line":54,"column":2},"end":{"line":59,"column":5}},"25":{"start":{"line":55,"column":4},"end":{"line":57,"column":5}},"26":{"start":{"line":56,"column":6},"end":{"line":56,"column":40}},"27":{"start":{"line":58,"column":4},"end":{"line":58,"column":50}},"28":{"start":{"line":63,"column":26},"end":{"line":81,"column":1}},"29":{"start":{"line":64,"column":2},"end":{"line":80,"column":5}},"30":{"start":{"line":65,"column":4},"end":{"line":67,"column":5}},"31":{"start":{"line":66,"column":6},"end":{"line":66,"column":43}},"32":{"start":{"line":68,"column":4},"end":{"line":70,"column":5}},"33":{"start":{"line":69,"column":6},"end":{"line":69,"column":41}},"34":{"start":{"line":71,"column":4},"end":{"line":73,"column":5}},"35":{"start":{"line":72,"column":6},"end":{"line":72,"column":44}},"36":{"start":{"line":74,"column":4},"end":{"line":79,"column":7}},"37":{"start":{"line":75,"column":6},"end":{"line":77,"column":7}},"38":{"start":{"line":76,"column":8},"end":{"line":76,"column":42}},"39":{"start":{"line":78,"column":6},"end":{"line":78,"column":38}},"40":{"start":{"line":83,"column":26},"end":{"line":103,"column":1}},"41":{"start":{"line":84,"column":2},"end":{"line":102,"column":5}},"42":{"start":{"line":85,"column":4},"end":{"line":87,"column":5}},"43":{"start":{"line":86,"column":6},"end":{"line":86,"column":43}},"44":{"start":{"line":88,"column":4},"end":{"line":90,"column":5}},"45":{"start":{"line":89,"column":6},"end":{"line":89,"column":43}},"46":{"start":{"line":91,"column":4},"end":{"line":93,"column":5}},"47":{"start":{"line":92,"column":6},"end":{"line":92,"column":44}},"48":{"start":{"line":94,"column":4},"end":{"line":94,"column":56}},"49":{"start":{"line":94,"column":26},"end":{"line":94,"column":54}},"50":{"start":{"line":95,"column":4},"end":{"line":95,"column":62}},"51":{"start":{"line":95,"column":28},"end":{"line":95,"column":60}},"52":{"start":{"line":96,"column":4},"end":{"line":101,"column":7}},"53":{"start":{"line":97,"column":6},"end":{"line":99,"column":7}},"54":{"start":{"line":98,"column":8},"end":{"line":98,"column":42}},"55":{"start":{"line":100,"column":6},"end":{"line":100,"column":71}}},"fnMap":{"0":{"name":"(anonymous_0)","decl":{"start":{"line":4,"column":24},"end":{"line":4,"column":25}},"loc":{"start":{"line":4,"column":38},"end":{"line":11,"column":1}},"line":4},"1":{"name":"(anonymous_1)","decl":{"start":{"line":5,"column":45},"end":{"line":5,"column":46}},"loc":{"start":{"line":5,"column":61},"end":{"line":10,"column":3}},"line":5},"2":{"name":"(anonymous_2)","decl":{"start":{"line":15,"column":30},"end":{"line":15,"column":31}},"loc":{"start":{"line":15,"column":44},"end":{"line":22,"column":1}},"line":15},"3":{"name":"(anonymous_3)","decl":{"start":{"line":16,"column":66},"end":{"line":16,"column":67}},"loc":{"start":{"line":16,"column":82},"end":{"line":21,"column":3}},"line":16},"4":{"name":"(anonymous_4)","decl":{"start":{"line":25,"column":23},"end":{"line":25,"column":24}},"loc":{"start":{"line":25,"column":37},"end":{"line":32,"column":1}},"line":25},"5":{"name":"(anonymous_5)","decl":{"start":{"line":26,"column":60},"end":{"line":26,"column":61}},"loc":{"start":{"line":26,"column":75},"end":{"line":31,"column":3}},"line":26},"6":{"name":"(anonymous_6)","decl":{"start":{"line":35,"column":28},"end":{"line":35,"column":29}},"loc":{"start":{"line":35,"column":42},"end":{"line":46,"column":1}},"line":35},"7":{"name":"(anonymous_7)","decl":{"start":{"line":39,"column":4},"end":{"line":39,"column":5}},"loc":{"start":{"line":39,"column":20},"end":{"line":44,"column":5}},"line":39},"8":{"name":"(anonymous_8)","decl":{"start":{"line":50,"column":26},"end":{"line":50,"column":27}},"loc":{"start":{"line":50,"column":40},"end":{"line":60,"column":1}},"line":50},"9":{"name":"(anonymous_9)","decl":{"start":{"line":54,"column":15},"end":{"line":54,"column":16}},"loc":{"start":{"line":54,"column":30},"end":{"line":59,"column":3}},"line":54},"10":{"name":"(anonymous_10)","decl":{"start":{"line":63,"column":26},"end":{"line":63,"column":27}},"loc":{"start":{"line":63,"column":40},"end":{"line":81,"column":1}},"line":63},"11":{"name":"(anonymous_11)","decl":{"start":{"line":64,"column":31},"end":{"line":64,"column":32}},"loc":{"start":{"line":64,"column":46},"end":{"line":80,"column":3}},"line":64},"12":{"name":"(anonymous_12)","decl":{"start":{"line":74,"column":16},"end":{"line":74,"column":17}},"loc":{"start":{"line":74,"column":31},"end":{"line":79,"column":5}},"line":74},"13":{"name":"(anonymous_13)","decl":{"start":{"line":83,"column":26},"end":{"line":83,"column":27}},"loc":{"start":{"line":83,"column":40},"end":{"line":103,"column":1}},"line":83},"14":{"name":"(anonymous_14)","decl":{"start":{"line":84,"column":31},"end":{"line":84,"column":32}},"loc":{"start":{"line":84,"column":46},"end":{"line":102,"column":3}},"line":84},"15":{"name":"(anonymous_15)","decl":{"start":{"line":96,"column":14},"end":{"line":96,"column":15}},"loc":{"start":{"line":96,"column":32},"end":{"line":101,"column":5}},"line":96}},"branchMap":{"0":{"loc":{"start":{"line":6,"column":4},"end":{"line":8,"column":5}},"type":"if","locations":[{"start":{"line":6,"column":4},"end":{"line":8,"column":5}},{"start":{},"end":{}}],"line":6},"1":{"loc":{"start":{"line":17,"column":4},"end":{"line":19,"column":5}},"type":"if","locations":[{"start":{"line":17,"column":4},"end":{"line":19,"column":5}},{"start":{},"end":{}}],"line":17},"2":{"loc":{"start":{"line":27,"column":4},"end":{"line":29,"column":5}},"type":"if","locations":[{"start":{"line":27,"column":4},"end":{"line":29,"column":5}},{"start":{},"end":{}}],"line":27},"3":{"loc":{"start":{"line":40,"column":6},"end":{"line":42,"column":7}},"type":"if","locations":[{"start":{"line":40,"column":6},"end":{"line":42,"column":7}},{"start":{},"end":{}}],"line":40},"4":{"loc":{"start":{"line":55,"column":4},"end":{"line":57,"column":5}},"type":"if","locations":[{"start":{"line":55,"column":4},"end":{"line":57,"column":5}},{"start":{},"end":{}}],"line":55},"5":{"loc":{"start":{"line":65,"column":4},"end":{"line":67,"column":5}},"type":"if","locations":[{"start":{"line":65,"column":4},"end":{"line":67,"column":5}},{"start":{},"end":{}}],"line":65},"6":{"loc":{"start":{"line":68,"column":4},"end":{"line":70,"column":5}},"type":"if","locations":[{"start":{"line":68,"column":4},"end":{"line":70,"column":5}},{"start":{},"end":{}}],"line":68},"7":{"loc":{"start":{"line":71,"column":4},"end":{"line":73,"column":5}},"type":"if","locations":[{"start":{"line":71,"column":4},"end":{"line":73,"column":5}},{"start":{},"end":{}}],"line":71},"8":{"loc":{"start":{"line":75,"column":6},"end":{"line":77,"column":7}},"type":"if","locations":[{"start":{"line":75,"column":6},"end":{"line":77,"column":7}},{"start":{},"end":{}}],"line":75},"9":{"loc":{"start":{"line":85,"column":4},"end":{"line":87,"column":5}},"type":"if","locations":[{"start":{"line":85,"column":4},"end":{"line":87,"column":5}},{"start":{},"end":{}}],"line":85},"10":{"loc":{"start":{"line":88,"column":4},"end":{"line":90,"column":5}},"type":"if","locations":[{"start":{"line":88,"column":4},"end":{"line":90,"column":5}},{"start":{},"end":{}}],"line":88},"11":{"loc":{"start":{"line":91,"column":4},"end":{"line":93,"column":5}},"type":"if","locations":[{"start":{"line":91,"column":4},"end":{"line":93,"column":5}},{"start":{},"end":{}}],"line":91},"12":{"loc":{"start":{"line":94,"column":4},"end":{"line":94,"column":56}},"type":"if","locations":[{"start":{"line":94,"column":4},"end":{"line":94,"column":56}},{"start":{},"end":{}}],"line":94},"13":{"loc":{"start":{"line":95,"column":4},"end":{"line":95,"column":62}},"type":"if","locations":[{"start":{"line":95,"column":4},"end":{"line":95,"column":62}},{"start":{},"end":{}}],"line":95},"14":{"loc":{"start":{"line":97,"column":6},"end":{"line":99,"column":7}},"type":"if","locations":[{"start":{"line":97,"column":6},"end":{"line":99,"column":7}},{"start":{},"end":{}}],"line":97}},"s":{"0":2,"1":1,"2":1,"3":0,"4":1,"5":2,"6":2,"7":0,"8":0,"9":0,"10":0,"11":2,"12":2,"13":2,"14":1,"15":1,"16":2,"17":1,"18":1,"19":0,"20":1,"21":2,"22":1,"23":1,"24":1,"25":1,"26":0,"27":1,"28":2,"29":4,"30":4,"31":1,"32":3,"33":1,"34":2,"35":1,"36":1,"37":1,"38":0,"39":1,"40":2,"41":4,"42":4,"43":1,"44":3,"45":1,"46":2,"47":1,"48":1,"49":1,"50":1,"51":1,"52":1,"53":1,"54":0,"55":1},"f":{"0":1,"1":1,"2":0,"3":0,"4":2,"5":2,"6":1,"7":1,"8":1,"9":1,"10":4,"11":4,"12":1,"13":4,"14":4,"15":1},"b":{"0":[0,1],"1":[0,0],"2":[1,1],"3":[0,1],"4":[0,1],"5":[1,3],"6":[1,2],"7":[1,1],"8":[0,1],"9":[1,3],"10":[1,2],"11":[1,1],"12":[1,0],"13":[1,0],"14":[0,1]},"_coverageSchema":"1a1c01bbd47fc00a2c39e90264f33305004495a9","hash":"38e66795830f1b88b1551744be69de1641d22256"}
,"C:\\Users\\Brendon\\Documents\\Code\\NodeApps\\revisto\\server\\controllers\\usersControllers.js": {"path":"C:\\Users\\Brendon\\Documents\\Code\\NodeApps\\revisto\\server\\controllers\\usersControllers.js","statementMap":{"0":{"start":{"line":7,"column":18},"end":{"line":10,"column":1}},"1":{"start":{"line":8,"column":15},"end":{"line":8,"column":80}},"2":{"start":{"line":9,"column":2},"end":{"line":9,"column":19}},"3":{"start":{"line":14,"column":24},"end":{"line":23,"column":1}},"4":{"start":{"line":15,"column":15},"end":{"line":15,"column":81}},"5":{"start":{"line":17,"column":2},"end":{"line":22,"column":5}},"6":{"start":{"line":18,"column":4},"end":{"line":20,"column":5}},"7":{"start":{"line":19,"column":6},"end":{"line":19,"column":41}},"8":{"start":{"line":21,"column":4},"end":{"line":21,"column":34}},"9":{"start":{"line":26,"column":21},"end":{"line":45,"column":1}},"10":{"start":{"line":27,"column":2},"end":{"line":44,"column":15}},"11":{"start":{"line":28,"column":4},"end":{"line":43,"column":5}},"12":{"start":{"line":29,"column":6},"end":{"line":29,"column":42}},"13":{"start":{"line":31,"column":6},"end":{"line":42,"column":7}},"14":{"start":{"line":32,"column":8},"end":{"line":32,"column":51}},"15":{"start":{"line":34,"column":8},"end":{"line":41,"column":10}},"16":{"start":{"line":35,"column":10},"end":{"line":40,"column":11}},"17":{"start":{"line":36,"column":12},"end":{"line":36,"column":49}},"18":{"start":{"line":38,"column":26},"end":{"line":38,"column":45}},"19":{"start":{"line":39,"column":12},"end":{"line":39,"column":32}},"20":{"start":{"line":47,"column":26},"end":{"line":63,"column":1}},"21":{"start":{"line":48,"column":2},"end":{"line":62,"column":5}},"22":{"start":{"line":49,"column":4},"end":{"line":61,"column":5}},"23":{"start":{"line":50,"column":6},"end":{"line":50,"column":34}},"24":{"start":{"line":52,"column":6},"end":{"line":52,"column":56}},"25":{"start":{"line":52,"column":26},"end":{"line":52,"column":56}},"26":{"start":{"line":53,"column":6},"end":{"line":53,"column":62}},"27":{"start":{"line":53,"column":28},"end":{"line":53,"column":62}},"28":{"start":{"line":54,"column":6},"end":{"line":60,"column":9}},"29":{"start":{"line":55,"column":8},"end":{"line":59,"column":9}},"30":{"start":{"line":56,"column":10},"end":{"line":56,"column":40}},"31":{"start":{"line":58,"column":10},"end":{"line":58,"column":42}},"32":{"start":{"line":65,"column":26},"end":{"line":73,"column":1}},"33":{"start":{"line":66,"column":2},"end":{"line":72,"column":5}},"34":{"start":{"line":67,"column":4},"end":{"line":71,"column":5}},"35":{"start":{"line":68,"column":6},"end":{"line":68,"column":34}},"36":{"start":{"line":70,"column":6},"end":{"line":70,"column":38}}},"fnMap":{"0":{"name":"(anonymous_0)","decl":{"start":{"line":7,"column":18},"end":{"line":7,"column":19}},"loc":{"start":{"line":7,"column":38},"end":{"line":10,"column":1}},"line":7},"1":{"name":"(anonymous_1)","decl":{"start":{"line":14,"column":24},"end":{"line":14,"column":25}},"loc":{"start":{"line":14,"column":44},"end":{"line":23,"column":1}},"line":14},"2":{"name":"(anonymous_2)","decl":{"start":{"line":17,"column":41},"end":{"line":17,"column":42}},"loc":{"start":{"line":17,"column":56},"end":{"line":22,"column":3}},"line":17},"3":{"name":"(anonymous_3)","decl":{"start":{"line":26,"column":21},"end":{"line":26,"column":22}},"loc":{"start":{"line":26,"column":41},"end":{"line":45,"column":1}},"line":26},"4":{"name":"(anonymous_4)","decl":{"start":{"line":27,"column":33},"end":{"line":27,"column":34}},"loc":{"start":{"line":27,"column":60},"end":{"line":44,"column":3}},"line":27},"5":{"name":"(anonymous_5)","decl":{"start":{"line":34,"column":24},"end":{"line":34,"column":25}},"loc":{"start":{"line":34,"column":39},"end":{"line":41,"column":9}},"line":34},"6":{"name":"(anonymous_6)","decl":{"start":{"line":47,"column":26},"end":{"line":47,"column":27}},"loc":{"start":{"line":47,"column":46},"end":{"line":63,"column":1}},"line":47},"7":{"name":"(anonymous_7)","decl":{"start":{"line":48,"column":34},"end":{"line":48,"column":35}},"loc":{"start":{"line":48,"column":49},"end":{"line":62,"column":3}},"line":48},"8":{"name":"(anonymous_8)","decl":{"start":{"line":54,"column":16},"end":{"line":54,"column":17}},"loc":{"start":{"line":54,"column":25},"end":{"line":60,"column":7}},"line":54},"9":{"name":"(anonymous_9)","decl":{"start":{"line":65,"column":26},"end":{"line":65,"column":27}},"loc":{"start":{"line":65,"column":46},"end":{"line":73,"column":1}},"line":65},"10":{"name":"(anonymous_10)","decl":{"start":{"line":66,"column":43},"end":{"line":66,"column":44}},"loc":{"start":{"line":66,"column":52},"end":{"line":72,"column":3}},"line":66}},"branchMap":{"0":{"loc":{"start":{"line":18,"column":4},"end":{"line":20,"column":5}},"type":"if","locations":[{"start":{"line":18,"column":4},"end":{"line":20,"column":5}},{"start":{},"end":{}}],"line":18},"1":{"loc":{"start":{"line":28,"column":4},"end":{"line":43,"column":5}},"type":"if","locations":[{"start":{"line":28,"column":4},"end":{"line":43,"column":5}},{"start":{"line":30,"column":11},"end":{"line":43,"column":5}}],"line":28},"2":{"loc":{"start":{"line":31,"column":6},"end":{"line":42,"column":7}},"type":"if","locations":[{"start":{"line":31,"column":6},"end":{"line":42,"column":7}},{"start":{"line":33,"column":13},"end":{"line":42,"column":7}}],"line":31},"3":{"loc":{"start":{"line":35,"column":10},"end":{"line":40,"column":11}},"type":"if","locations":[{"start":{"line":35,"column":10},"end":{"line":40,"column":11}},{"start":{"line":37,"column":17},"end":{"line":40,"column":11}}],"line":35},"4":{"loc":{"start":{"line":49,"column":4},"end":{"line":61,"column":5}},"type":"if","locations":[{"start":{"line":49,"column":4},"end":{"line":61,"column":5}},{"start":{"line":51,"column":11},"end":{"line":61,"column":5}}],"line":49},"5":{"loc":{"start":{"line":52,"column":6},"end":{"line":52,"column":56}},"type":"if","locations":[{"start":{"line":52,"column":6},"end":{"line":52,"column":56}},{"start":{},"end":{}}],"line":52},"6":{"loc":{"start":{"line":53,"column":6},"end":{"line":53,"column":62}},"type":"if","locations":[{"start":{"line":53,"column":6},"end":{"line":53,"column":62}},{"start":{},"end":{}}],"line":53},"7":{"loc":{"start":{"line":55,"column":8},"end":{"line":59,"column":9}},"type":"if","locations":[{"start":{"line":55,"column":8},"end":{"line":59,"column":9}},{"start":{"line":57,"column":15},"end":{"line":59,"column":9}}],"line":55},"8":{"loc":{"start":{"line":67,"column":4},"end":{"line":71,"column":5}},"type":"if","locations":[{"start":{"line":67,"column":4},"end":{"line":71,"column":5}},{"start":{"line":69,"column":11},"end":{"line":71,"column":5}}],"line":67}},"s":{"0":2,"1":1,"2":1,"3":2,"4":2,"5":2,"6":2,"7":1,"8":1,"9":2,"10":2,"11":2,"12":0,"13":2,"14":1,"15":1,"16":1,"17":0,"18":1,"19":1,"20":2,"21":1,"22":1,"23":0,"24":1,"25":0,"26":1,"27":1,"28":1,"29":1,"30":0,"31":1,"32":2,"33":1,"34":1,"35":0,"36":1},"f":{"0":1,"1":2,"2":2,"3":2,"4":2,"5":1,"6":1,"7":1,"8":1,"9":1,"10":1},"b":{"0":[1,1],"1":[0,2],"2":[1,1],"3":[0,1],"4":[0,1],"5":[0,1],"6":[1,0],"7":[0,1],"8":[0,1]},"_coverageSchema":"1a1c01bbd47fc00a2c39e90264f33305004495a9","hash":"e7334face239234f0082bae11379c0e17095da07"}
,"C:\\Users\\Brendon\\Documents\\Code\\NodeApps\\revisto\\server\\models\\postModel.js": {"path":"C:\\Users\\Brendon\\Documents\\Code\\NodeApps\\revisto\\server\\models\\postModel.js","statementMap":{"0":{"start":{"line":4,"column":15},"end":{"line":4,"column":30}},"1":{"start":{"line":6,"column":19},"end":{"line":12,"column":2}},"2":{"start":{"line":15,"column":0},"end":{"line":18,"column":3}},"3":{"start":{"line":16,"column":2},"end":{"line":16,"column":32}},"4":{"start":{"line":17,"column":2},"end":{"line":17,"column":9}}},"fnMap":{"0":{"name":"(anonymous_0)","decl":{"start":{"line":15,"column":23},"end":{"line":15,"column":24}},"loc":{"start":{"line":15,"column":39},"end":{"line":18,"column":1}},"line":15}},"branchMap":{},"s":{"0":2,"1":2,"2":2,"3":6,"4":6},"f":{"0":6},"b":{},"_coverageSchema":"1a1c01bbd47fc00a2c39e90264f33305004495a9","hash":"7fef6ef4c64221a909890bc58e061f08b3139a1f"}
,"C:\\Users\\Brendon\\Documents\\Code\\NodeApps\\revisto\\server\\models\\userModel.js": {"path":"C:\\Users\\Brendon\\Documents\\Code\\NodeApps\\revisto\\server\\models\\userModel.js","statementMap":{"0":{"start":{"line":5,"column":15},"end":{"line":5,"column":30}},"1":{"start":{"line":7,"column":19},"end":{"line":12,"column":2}},"2":{"start":{"line":15,"column":0},"end":{"line":15,"column":41}}},"fnMap":{},"branchMap":{},"s":{"0":2,"1":2,"2":2},"f":{},"b":{},"_coverageSchema":"1a1c01bbd47fc00a2c39e90264f33305004495a9","hash":"67a6d0d8b22a45d7434a9dc5bfafbe7adc154f6b"}
,"C:\\Users\\Brendon\\Documents\\Code\\NodeApps\\revisto\\server\\routes\\postsRoutes.js": {"path":"C:\\Users\\Brendon\\Documents\\Code\\NodeApps\\revisto\\server\\routes\\postsRoutes.js","statementMap":{"0":{"start":{"line":6,"column":15},"end":{"line":6,"column":31}},"1":{"start":{"line":8,"column":0},"end":{"line":8,"column":26}},"2":{"start":{"line":9,"column":0},"end":{"line":9,"column":31}},"3":{"start":{"line":10,"column":0},"end":{"line":10,"column":51}},"4":{"start":{"line":11,"column":0},"end":{"line":11,"column":46}},"5":{"start":{"line":12,"column":0},"end":{"line":12,"column":54}},"6":{"start":{"line":13,"column":0},"end":{"line":13,"column":53}}},"fnMap":{},"branchMap":{},"s":{"0":2,"1":2,"2":2,"3":2,"4":2,"5":2,"6":2},"f":{},"b":{},"_coverageSchema":"1a1c01bbd47fc00a2c39e90264f33305004495a9","hash":"a72ef5da2ae212a7d19a1e9a67d18b1e7f3fb6c4"}
,"C:\\Users\\Brendon\\Documents\\Code\\NodeApps\\revisto\\server\\routes\\usersRoutes.js": {"path":"C:\\Users\\Brendon\\Documents\\Code\\NodeApps\\revisto\\server\\routes\\usersRoutes.js","statementMap":{"0":{"start":{"line":12,"column":15},"end":{"line":12,"column":31}},"1":{"start":{"line":14,"column":0},"end":{"line":14,"column":37}},"2":{"start":{"line":15,"column":0},"end":{"line":15,"column":35}},"3":{"start":{"line":16,"column":0},"end":{"line":16,"column":29}},"4":{"start":{"line":17,"column":0},"end":{"line":17,"column":47}},"5":{"start":{"line":18,"column":0},"end":{"line":18,"column":48}}},"fnMap":{},"branchMap":{},"s":{"0":2,"1":2,"2":2,"3":2,"4":2,"5":2},"f":{},"b":{},"_coverageSchema":"1a1c01bbd47fc00a2c39e90264f33305004495a9","hash":"9d61337b875212c8ec34895396eea7435f1ee258"}
}
