TN:
SF:app.js
FNF:0
FNH:0
DA:10,2
DA:12,2
DA:15,2
DA:16,2
DA:17,2
DA:19,2
DA:21,2
DA:22,2
DA:23,2
DA:25,2
DA:26,2
LF:11
LH:11
BRF:0
BRH:0
end_of_record
TN:
SF:auth\jwtAuth.js
FN:12,(anonymous_0)
FN:20,(anonymous_1)
FN:25,(anonymous_2)
FNF:3
FNH:3
FNDA:4,(anonymous_0)
FNDA:18,(anonymous_1)
FNDA:14,(anonymous_2)
DA:5,2
DA:6,2
DA:7,0
DA:8,0
DA:12,2
DA:13,4
DA:14,4
DA:16,4
DA:20,2
DA:21,18
DA:22,18
DA:23,14
DA:25,14
DA:26,14
DA:27,1
DA:28,1
DA:31,13
DA:32,13
DA:35,4
LF:19
LH:17
BRDA:6,0,0,0
BRDA:6,0,1,2
BRDA:22,1,0,14
BRDA:22,1,1,4
BRDA:26,2,0,1
BRDA:26,2,1,13
BRF:6
BRH:5
end_of_record
TN:
SF:controllers\postsControllers.js
FN:4,(anonymous_0)
FN:5,(anonymous_1)
FN:15,(anonymous_2)
FN:16,(anonymous_3)
FN:25,(anonymous_4)
FN:26,(anonymous_5)
FN:35,(anonymous_6)
FN:39,(anonymous_7)
FN:50,(anonymous_8)
FN:54,(anonymous_9)
FN:63,(anonymous_10)
FN:64,(anonymous_11)
FN:74,(anonymous_12)
FN:83,(anonymous_13)
FN:84,(anonymous_14)
FN:96,(anonymous_15)
FNF:16
FNH:14
FNDA:1,(anonymous_0)
FNDA:1,(anonymous_1)
FNDA:0,(anonymous_2)
FNDA:0,(anonymous_3)
FNDA:2,(anonymous_4)
FNDA:2,(anonymous_5)
FNDA:1,(anonymous_6)
FNDA:1,(anonymous_7)
FNDA:1,(anonymous_8)
FNDA:1,(anonymous_9)
FNDA:4,(anonymous_10)
FNDA:4,(anonymous_11)
FNDA:1,(anonymous_12)
FNDA:4,(anonymous_13)
FNDA:4,(anonymous_14)
FNDA:1,(anonymous_15)
DA:4,2
DA:5,1
DA:6,1
DA:7,0
DA:9,1
DA:14,2
DA:15,2
DA:16,0
DA:17,0
DA:18,0
DA:20,0
DA:25,2
DA:26,2
DA:27,2
DA:28,1
DA:30,1
DA:35,2
DA:36,1
DA:40,1
DA:41,0
DA:43,1
DA:50,2
DA:51,1
DA:52,1
DA:54,1
DA:55,1
DA:56,0
DA:58,1
DA:63,2
DA:64,4
DA:65,4
DA:66,1
DA:68,3
DA:69,1
DA:71,2
DA:72,1
DA:74,1
DA:75,1
DA:76,0
DA:78,1
DA:83,2
DA:84,4
DA:85,4
DA:86,1
DA:88,3
DA:89,1
DA:91,2
DA:92,1
DA:94,1
DA:95,1
DA:96,1
DA:97,1
DA:98,0
DA:100,1
LF:54
LH:45
BRDA:6,0,0,0
BRDA:6,0,1,1
BRDA:17,1,0,0
BRDA:17,1,1,0
BRDA:27,2,0,1
BRDA:27,2,1,1
BRDA:40,3,0,0
BRDA:40,3,1,1
BRDA:55,4,0,0
BRDA:55,4,1,1
BRDA:65,5,0,1
BRDA:65,5,1,3
BRDA:68,6,0,1
BRDA:68,6,1,2
BRDA:71,7,0,1
BRDA:71,7,1,1
BRDA:75,8,0,0
BRDA:75,8,1,1
BRDA:85,9,0,1
BRDA:85,9,1,3
BRDA:88,10,0,1
BRDA:88,10,1,2
BRDA:91,11,0,1
BRDA:91,11,1,1
BRDA:94,12,0,1
BRDA:94,12,1,0
BRDA:95,13,0,1
BRDA:95,13,1,0
BRDA:97,14,0,0
BRDA:97,14,1,1
BRF:30
BRH:21
end_of_record
TN:
SF:controllers\usersControllers.js
FN:7,(anonymous_0)
FN:14,(anonymous_1)
FN:17,(anonymous_2)
FN:26,(anonymous_3)
FN:27,(anonymous_4)
FN:34,(anonymous_5)
FN:47,(anonymous_6)
FN:48,(anonymous_7)
FN:54,(anonymous_8)
FN:65,(anonymous_9)
FN:66,(anonymous_10)
FNF:11
FNH:11
FNDA:1,(anonymous_0)
FNDA:2,(anonymous_1)
FNDA:2,(anonymous_2)
FNDA:2,(anonymous_3)
FNDA:2,(anonymous_4)
FNDA:1,(anonymous_5)
FNDA:1,(anonymous_6)
FNDA:1,(anonymous_7)
FNDA:1,(anonymous_8)
FNDA:1,(anonymous_9)
FNDA:1,(anonymous_10)
DA:7,2
DA:8,1
DA:9,1
DA:14,2
DA:15,2
DA:17,2
DA:18,2
DA:19,1
DA:21,1
DA:26,2
DA:27,2
DA:28,2
DA:29,0
DA:31,2
DA:32,1
DA:34,1
DA:35,1
DA:36,0
DA:38,1
DA:39,1
DA:47,2
DA:48,1
DA:49,1
DA:50,0
DA:52,1
DA:53,1
DA:54,1
DA:55,1
DA:56,0
DA:58,1
DA:65,2
DA:66,1
DA:67,1
DA:68,0
DA:70,1
LF:35
LH:30
BRDA:18,0,0,1
BRDA:18,0,1,1
BRDA:28,1,0,0
BRDA:28,1,1,2
BRDA:31,2,0,1
BRDA:31,2,1,1
BRDA:35,3,0,0
BRDA:35,3,1,1
BRDA:49,4,0,0
BRDA:49,4,1,1
BRDA:52,5,0,0
BRDA:52,5,1,1
BRDA:53,6,0,1
BRDA:53,6,1,0
BRDA:55,7,0,0
BRDA:55,7,1,1
BRDA:67,8,0,0
BRDA:67,8,1,1
BRF:18
BRH:11
end_of_record
TN:
SF:models\postModel.js
FN:15,(anonymous_0)
FNF:1
FNH:1
FNDA:6,(anonymous_0)
DA:4,2
DA:6,2
DA:15,2
DA:16,6
DA:17,6
LF:5
LH:5
BRF:0
BRH:0
end_of_record
TN:
SF:models\userModel.js
FNF:0
FNH:0
DA:5,2
DA:7,2
DA:15,2
LF:3
LH:3
BRF:0
BRH:0
end_of_record
TN:
SF:routes\postsRoutes.js
FNF:0
FNH:0
DA:6,2
DA:8,2
DA:9,2
DA:10,2
DA:11,2
DA:12,2
DA:13,2
LF:7
LH:7
BRF:0
BRH:0
end_of_record
TN:
SF:routes\usersRoutes.js
FNF:0
FNH:0
DA:12,2
DA:14,2
DA:15,2
DA:16,2
DA:17,2
DA:18,2
LF:6
LH:6
BRF:0
BRH:0
end_of_record
